<?xml version="1.0" encoding="UTF-8"?>
<testsuite xmlns:xsi="http://www.w3.org/2001/XMLSchema-instance" xsi:noNamespaceSchemaLocation="https://maven.apache.org/surefire/maven-surefire-plugin/xsd/surefire-test-report.xsd" version="3.0.2" name="com.unilabs.gestionempleados.GestionEmpleadosApplicationTests" time="16.525" tests="1" errors="0" skipped="0" failures="0">
  <properties>
[...]
</properties>
  <testcase name="contextLoads" classname="com.unilabs.gestionempleados.GestionEmpleadosApplicationTests" time="1.157">
    <system-out><![CDATA[15:58:25.296 [main] INFO org.springframework.test.context.support.AnnotationConfigContextLoaderUtils -- Could not detect default configuration classes for test class [com.unilabs.gestionempleados.GestionEmpleadosApplicationTests]: GestionEmpleadosApplicationTests does not declare any static, non-private, non-final, nested classes annotated with @Configuration.
15:58:25.859 [main] INFO org.springframework.boot.test.context.SpringBootTestContextBootstrapper -- Found @SpringBootConfiguration com.unilabs.gestionempleados.GestionEmpleadosApplication for test class com.unilabs.gestionempleados.GestionEmpleadosApplicationTests

  .   ____          _            __ _ _
 /\\ / ___'_ __ _ _(_)_ __  __ _ \ \ \ \
( ( )\___ | '_ | '_| | '_ \/ _` | \ \ \ \
 \\/  ___)| |_)| | | | | || (_| |  ) ) ) )
  '  |____| .__|_| |_|_| |_\__, | / / / /
 =========|_|==============|___/=/_/_/_/

 :: Spring Boot ::                (v3.4.3)

2025-02-25T15:58:27.394-05:00  INFO 26253 --- [GestionEmpleados] [           main] c.u.g.GestionEmpleadosApplicationTests   : Starting GestionEmpleadosApplicationTests using Java 23.0.2 with PID 26253 (started by namu in /home/namu/Universidad del Quindío/Programación II/Prácticas/GestionEmpleados)
2025-02-25T15:58:27.398-05:00  INFO 26253 --- [GestionEmpleados] [           main] c.u.g.GestionEmpleadosApplicationTests   : No active profile set, falling back to 1 default profile: "default"
2025-02-25T15:58:30.864-05:00  INFO 26253 --- [GestionEmpleados] [           main] .s.d.r.c.RepositoryConfigurationDelegate : Bootstrapping Spring Data JPA repositories in DEFAULT mode.
2025-02-25T15:58:31.239-05:00  INFO 26253 --- [GestionEmpleados] [           main] .s.d.r.c.RepositoryConfigurationDelegate : Finished Spring Data repository scanning in 352 ms. Found 3 JPA repository interfaces.
2025-02-25T15:58:32.761-05:00  INFO 26253 --- [GestionEmpleados] [           main] com.zaxxer.hikari.HikariDataSource       : HikariPool-1 - Starting...
2025-02-25T15:58:33.220-05:00  INFO 26253 --- [GestionEmpleados] [           main] com.zaxxer.hikari.pool.HikariPool        : HikariPool-1 - Added connection conn0: url=jdbc:h2:mem:gestionempleadosdb user=ADMINGESTIONEMPLEADOS
2025-02-25T15:58:33.224-05:00  INFO 26253 --- [GestionEmpleados] [           main] com.zaxxer.hikari.HikariDataSource       : HikariPool-1 - Start completed.
2025-02-25T15:58:33.460-05:00  INFO 26253 --- [GestionEmpleados] [           main] o.hibernate.jpa.internal.util.LogHelper  : HHH000204: Processing PersistenceUnitInfo [name: default]
2025-02-25T15:58:33.593-05:00  INFO 26253 --- [GestionEmpleados] [           main] org.hibernate.Version                    : HHH000412: Hibernate ORM core version 6.6.8.Final
2025-02-25T15:58:33.725-05:00  INFO 26253 --- [GestionEmpleados] [           main] o.h.c.internal.RegionFactoryInitiator    : HHH000026: Second-level cache disabled
2025-02-25T15:58:34.377-05:00  INFO 26253 --- [GestionEmpleados] [           main] o.s.o.j.p.SpringPersistenceUnitInfo      : No LoadTimeWeaver setup: ignoring JPA class transformer
2025-02-25T15:58:34.571-05:00  INFO 26253 --- [GestionEmpleados] [           main] org.hibernate.orm.connections.pooling    : HHH10001005: Database info:
	Database JDBC URL [Connecting through datasource 'HikariDataSource (HikariPool-1)']
	Database driver: undefined/unknown
	Database version: 2.3.232
	Autocommit mode: undefined/unknown
	Isolation level: undefined/unknown
	Minimum pool size: undefined/unknown
	Maximum pool size: undefined/unknown
2025-02-25T15:58:36.919-05:00  INFO 26253 --- [GestionEmpleados] [           main] o.h.e.t.j.p.i.JtaPlatformInitiator       : HHH000489: No JTA platform available (set 'hibernate.transaction.jta.platform' to enable JTA platform integration)
2025-02-25T15:58:37.028-05:00  INFO 26253 --- [GestionEmpleados] [           main] j.LocalContainerEntityManagerFactoryBean : Initialized JPA EntityManagerFactory for persistence unit 'default'
2025-02-25T15:58:38.255-05:00  WARN 26253 --- [GestionEmpleados] [           main] JpaBaseConfiguration$JpaWebConfiguration : spring.jpa.open-in-view is enabled by default. Therefore, database queries may be performed during view rendering. Explicitly configure spring.jpa.open-in-view to disable this warning
2025-02-25T15:58:38.996-05:00  INFO 26253 --- [GestionEmpleados] [           main] org.atmosphere.cpr.AtmosphereFramework   : Installed AtmosphereHandler com.vaadin.hilla.push.PushEndpoint mapped to context-path: /HILLA/push
2025-02-25T15:58:38.997-05:00  INFO 26253 --- [GestionEmpleados] [           main] org.atmosphere.cpr.AtmosphereFramework   : Installed the following AtmosphereInterceptor mapped to AtmosphereHandler com.vaadin.hilla.push.PushEndpoint
2025-02-25T15:58:38.997-05:00  INFO 26253 --- [GestionEmpleados] [           main] org.atmosphere.cpr.AtmosphereFramework   : 	org.atmosphere.interceptor.AtmosphereResourceLifecycleInterceptor : Atmosphere LifeCycle
2025-02-25T15:58:38.998-05:00  INFO 26253 --- [GestionEmpleados] [           main] org.atmosphere.cpr.AtmosphereFramework   : 	org.atmosphere.client.TrackMessageSizeInterceptor :  Track Message Size Interceptor using |
2025-02-25T15:58:38.998-05:00  INFO 26253 --- [GestionEmpleados] [           main] org.atmosphere.cpr.AtmosphereFramework   : 	org.atmosphere.interceptor.SuspendTrackerInterceptor : UUID Tracking Interceptor
2025-02-25T15:58:39.092-05:00  INFO 26253 --- [GestionEmpleados] [           main] o.s.b.a.h2.H2ConsoleAutoConfiguration    : H2 console available at '/h2-console'. Database available at 'jdbc:h2:mem:gestionempleadosdb'
2025-02-25T15:58:39.290-05:00  INFO 26253 --- [GestionEmpleados] [           main] c.u.g.GestionEmpleadosApplicationTests   : Started GestionEmpleadosApplicationTests in 12.844 seconds (process running for 17.803)
]]></system-out>
    <system-err><![CDATA[Mockito is currently self-attaching to enable the inline-mock-maker. This will no longer work in future releases of the JDK. Please add Mockito as an agent to your build what is described in Mockito's documentation: https://javadoc.io/doc/org.mockito/mockito-core/latest/org/mockito/Mockito.html#0.3
WARNING: A Java agent has been loaded dynamically (/home/namu/.m2/repository/net/bytebuddy/byte-buddy-agent/1.15.11/byte-buddy-agent-1.15.11.jar)
WARNING: If a serviceability tool is in use, please run with -XX:+EnableDynamicAgentLoading to hide this warning
WARNING: If a serviceability tool is not in use, please run with -Djdk.instrument.traceUsage for more information
WARNING: Dynamic loading of agents will be disallowed by default in a future release
]]></system-err>
  </testcase>
</testsuite>